2022-03-04 15:35:06,533 [Worker-0: Loading available Gradle versions] INFO  o.e.b.c.i.u.g.PublishedGradleVersions - Gradle version information cache is out-of-date. Trying to update.
2022-03-06 01:15:32,774 [Worker-3: Loading available Gradle versions] INFO  o.e.b.c.i.u.g.PublishedGradleVersions - Gradle version information cache is up-to-date. Trying to read.
2022-03-06 01:32:43,142 [Worker-5: Loading available Gradle versions] INFO  o.e.b.c.i.u.g.PublishedGradleVersions - Gradle version information cache is up-to-date. Trying to read.
2022-03-07 14:09:48,046 [Worker-5: Loading available Gradle versions] INFO  o.e.b.c.i.u.g.PublishedGradleVersions - Gradle version information cache is out-of-date. Trying to update.
2022-03-07 23:13:21,305 [Worker-0: Loading available Gradle versions] INFO  o.e.b.c.i.u.g.PublishedGradleVersions - Gradle version information cache is up-to-date. Trying to read.
2022-03-08 14:11:05,409 [Worker-6: Loading available Gradle versions] INFO  o.e.b.c.i.u.g.PublishedGradleVersions - Gradle version information cache is out-of-date. Trying to update.
2022-03-09 00:21:17,120 [Worker-5: Loading available Gradle versions] INFO  o.e.b.c.i.u.g.PublishedGradleVersions - Gradle version information cache is up-to-date. Trying to read.
2022-03-09 14:18:10,163 [Worker-4: Loading available Gradle versions] INFO  o.e.b.c.i.u.g.PublishedGradleVersions - Gradle version information cache is out-of-date. Trying to update.
2022-03-09 14:21:05,156 [Worker-0: Loading available Gradle versions] INFO  o.e.b.c.i.u.g.PublishedGradleVersions - Gradle version information cache is up-to-date. Trying to read.
2022-03-09 23:54:01,461 [Worker-3: Loading available Gradle versions] INFO  o.e.b.c.i.u.g.PublishedGradleVersions - Gradle version information cache is up-to-date. Trying to read.
2022-03-10 14:18:59,089 [Worker-3: Loading available Gradle versions] INFO  o.e.b.c.i.u.g.PublishedGradleVersions - Gradle version information cache is out-of-date. Trying to update.
2022-03-10 18:52:56,900 [Worker-4: Loading available Gradle versions] INFO  o.e.b.c.i.u.g.PublishedGradleVersions - Gradle version information cache is up-to-date. Trying to read.
2022-03-10 18:54:22,708 [Worker-0: Loading available Gradle versions] INFO  o.e.b.c.i.u.g.PublishedGradleVersions - Gradle version information cache is up-to-date. Trying to read.
2022-03-11 00:55:27,782 [Worker-0: Loading available Gradle versions] INFO  o.e.b.c.i.u.g.PublishedGradleVersions - Gradle version information cache is up-to-date. Trying to read.
2022-03-11 14:36:28,493 [Worker-2: Loading available Gradle versions] INFO  o.e.b.c.i.u.g.PublishedGradleVersions - Gradle version information cache is out-of-date. Trying to update.
2022-03-11 15:54:18,853 [Worker-3: Loading available Gradle versions] INFO  o.e.b.c.i.u.g.PublishedGradleVersions - Gradle version information cache is up-to-date. Trying to read.
2022-03-11 23:58:47,791 [Worker-0: Loading available Gradle versions] INFO  o.e.b.c.i.u.g.PublishedGradleVersions - Gradle version information cache is up-to-date. Trying to read.
2022-03-12 00:53:48,104 [Worker-0: Loading available Gradle versions] INFO  o.e.b.c.i.u.g.PublishedGradleVersions - Gradle version information cache is up-to-date. Trying to read.
2022-03-12 01:30:36,767 [Worker-2: Loading available Gradle versions] INFO  o.e.b.c.i.u.g.PublishedGradleVersions - Gradle version information cache is up-to-date. Trying to read.
2022-03-12 23:33:03,525 [Worker-0: Loading available Gradle versions] INFO  o.e.b.c.i.u.g.PublishedGradleVersions - Gradle version information cache is out-of-date. Trying to update.
2022-03-12 23:38:48,273 [Worker-4: Creating maven-archetype-quickstart] INFO  o.e.m.c.i.p.ProjectConfigurationManager - Collecting project info '/pom.xml' C:\Users\Divyansh khare\Documents\workspace-sts-3.9.12.RELEASE\Phase-2 Backend\Jdbc\pom.xml
2022-03-12 23:38:54,643 [Worker-4: Creating maven-archetype-quickstart] INFO  o.e.m.c.i.l.LifecycleMappingFactory - Using org.eclipse.m2e.jdt.JarLifecycleMapping lifecycle mapping for MavenProject: com.simplilearn:Jdbc:0.0.1-SNAPSHOT @ C:\Users\Divyansh khare\Documents\workspace-sts-3.9.12.RELEASE\Phase-2 Backend\Jdbc\pom.xml.
2022-03-12 23:38:57,164 [Worker-4: Creating maven-archetype-quickstart] INFO  o.e.m.j.i.AbstractJavaProjectConfigurator - Adding source folder /Jdbc/src/main/java
2022-03-12 23:38:57,238 [Worker-4: Creating maven-archetype-quickstart] INFO  o.e.m.j.i.AbstractJavaProjectConfigurator - Adding source folder /Jdbc/src/test/java
2022-03-12 23:38:57,797 [Worker-4: Creating maven-archetype-quickstart] INFO  o.e.m.c.i.p.ProjectConfigurationManager - Imported and configured 1 project(s) in 9 sec
2022-03-12 23:38:59,330 [Worker-5: Building] INFO  o.e.m.c.i.embedder.EclipseLogger - Using 'UTF-8' encoding to copy filtered resources.
2022-03-12 23:38:59,330 [Worker-5: Building] INFO  o.e.m.c.i.embedder.EclipseLogger - skip non existing resourceDirectory C:\Users\Divyansh khare\Documents\workspace-sts-3.9.12.RELEASE\Phase-2 Backend\Jdbc\src\main\resources
2022-03-12 23:38:59,332 [Worker-5: Building] INFO  o.e.m.c.i.embedder.EclipseLogger - Using 'UTF-8' encoding to copy filtered resources.
2022-03-12 23:38:59,333 [Worker-5: Building] INFO  o.e.m.c.i.embedder.EclipseLogger - skip non existing resourceDirectory C:\Users\Divyansh khare\Documents\workspace-sts-3.9.12.RELEASE\Phase-2 Backend\Jdbc\src\test\resources
2022-03-12 23:41:30,633 [Worker-2: Building] INFO  o.e.m.c.i.embedder.EclipseLogger - Using 'UTF-8' encoding to copy filtered resources.
2022-03-12 23:41:30,633 [Worker-2: Building] INFO  o.e.m.c.i.embedder.EclipseLogger - skip non existing resourceDirectory C:\Users\Divyansh khare\Documents\workspace-sts-3.9.12.RELEASE\Phase-2 Backend\Jdbc\src\main\resources
2022-03-12 23:41:30,635 [Worker-2: Building] INFO  o.e.m.c.i.embedder.EclipseLogger - Using 'UTF-8' encoding to copy filtered resources.
2022-03-12 23:41:30,635 [Worker-2: Building] INFO  o.e.m.c.i.embedder.EclipseLogger - skip non existing resourceDirectory C:\Users\Divyansh khare\Documents\workspace-sts-3.9.12.RELEASE\Phase-2 Backend\Jdbc\src\test\resources
2022-03-12 23:42:48,155 [Worker-10: Updating Maven Project] INFO  o.e.m.c.i.p.ProjectConfigurationManager - Update started
2022-03-12 23:42:49,384 [Worker-10: Updating Maven Project] INFO  o.e.m.c.i.l.LifecycleMappingFactory - Using org.eclipse.m2e.jdt.JarLifecycleMapping lifecycle mapping for MavenProject: com.simplilearn:Jdbc:0.0.1-SNAPSHOT @ C:\Users\Divyansh khare\Documents\workspace-sts-3.9.12.RELEASE\Phase-2 Backend\Jdbc\pom.xml.
2022-03-12 23:42:50,132 [Worker-10: Updating Maven Project] INFO  o.e.m.j.i.AbstractJavaProjectConfigurator - Adding source folder /Jdbc/src/main/java
2022-03-12 23:42:50,133 [Worker-10: Updating Maven Project] INFO  o.e.m.j.i.AbstractJavaProjectConfigurator - Adding source folder /Jdbc/src/test/java
2022-03-12 23:42:50,351 [Worker-10: Updating Maven Project] INFO  o.e.m.c.i.p.ProjectConfigurationManager - Update completed: 2 sec
2022-03-12 23:42:50,602 [Worker-16: Building] INFO  o.e.m.c.i.embedder.EclipseLogger - Using 'UTF-8' encoding to copy filtered resources.
2022-03-12 23:42:50,604 [Worker-16: Building] INFO  o.e.m.c.i.embedder.EclipseLogger - skip non existing resourceDirectory C:\Users\Divyansh khare\Documents\workspace-sts-3.9.12.RELEASE\Phase-2 Backend\Jdbc\src\main\resources
2022-03-12 23:42:50,607 [Worker-16: Building] INFO  o.e.m.c.i.embedder.EclipseLogger - Using 'UTF-8' encoding to copy filtered resources.
2022-03-12 23:42:50,608 [Worker-16: Building] INFO  o.e.m.c.i.embedder.EclipseLogger - skip non existing resourceDirectory C:\Users\Divyansh khare\Documents\workspace-sts-3.9.12.RELEASE\Phase-2 Backend\Jdbc\src\test\resources
2022-03-12 23:43:41,085 [Worker-10: Updating Maven Project] INFO  o.e.m.c.i.p.ProjectConfigurationManager - Update started
2022-03-12 23:43:42,096 [Worker-10: Updating Maven Project] INFO  o.e.m.c.i.l.LifecycleMappingFactory - Using org.eclipse.m2e.jdt.JarLifecycleMapping lifecycle mapping for MavenProject: com.simplilearn:Jdbc:0.0.1-SNAPSHOT @ C:\Users\Divyansh khare\Documents\workspace-sts-3.9.12.RELEASE\Phase-2 Backend\Jdbc\pom.xml.
2022-03-12 23:43:42,343 [Worker-10: Updating Maven Project] INFO  o.e.m.j.i.AbstractJavaProjectConfigurator - Adding source folder /Jdbc/src/main/java
2022-03-12 23:43:42,345 [Worker-10: Updating Maven Project] INFO  o.e.m.j.i.AbstractJavaProjectConfigurator - Adding source folder /Jdbc/src/test/java
2022-03-12 23:43:42,556 [Worker-10: Updating Maven Project] INFO  o.e.m.c.i.p.ProjectConfigurationManager - Update completed: 1 sec
2022-03-12 23:43:42,770 [Worker-10: Building] INFO  o.e.m.c.i.embedder.EclipseLogger - Using 'UTF-8' encoding to copy filtered resources.
2022-03-12 23:43:42,771 [Worker-10: Building] INFO  o.e.m.c.i.embedder.EclipseLogger - skip non existing resourceDirectory C:\Users\Divyansh khare\Documents\workspace-sts-3.9.12.RELEASE\Phase-2 Backend\Jdbc\src\main\resources
2022-03-12 23:43:42,774 [Worker-10: Building] INFO  o.e.m.c.i.embedder.EclipseLogger - Using 'UTF-8' encoding to copy filtered resources.
2022-03-12 23:43:42,774 [Worker-10: Building] INFO  o.e.m.c.i.embedder.EclipseLogger - skip non existing resourceDirectory C:\Users\Divyansh khare\Documents\workspace-sts-3.9.12.RELEASE\Phase-2 Backend\Jdbc\src\test\resources
2022-03-12 23:43:56,348 [Worker-4: Updating Maven Project] INFO  o.e.m.c.i.p.ProjectConfigurationManager - Update started
2022-03-12 23:43:57,260 [Worker-4: Updating Maven Project] INFO  o.e.m.c.i.l.LifecycleMappingFactory - Using org.eclipse.m2e.jdt.JarLifecycleMapping lifecycle mapping for MavenProject: com.simplilearn:Jdbc:0.0.1-SNAPSHOT @ C:\Users\Divyansh khare\Documents\workspace-sts-3.9.12.RELEASE\Phase-2 Backend\Jdbc\pom.xml.
2022-03-12 23:43:57,495 [Worker-4: Updating Maven Project] INFO  o.e.m.j.i.AbstractJavaProjectConfigurator - Adding source folder /Jdbc/src/main/java
2022-03-12 23:43:57,496 [Worker-4: Updating Maven Project] INFO  o.e.m.j.i.AbstractJavaProjectConfigurator - Adding source folder /Jdbc/src/test/java
2022-03-12 23:43:57,666 [Worker-4: Updating Maven Project] INFO  o.e.m.c.i.p.ProjectConfigurationManager - Update completed: 1 sec
2022-03-12 23:43:57,863 [Worker-5: Building] INFO  o.e.m.c.i.embedder.EclipseLogger - Using 'UTF-8' encoding to copy filtered resources.
2022-03-12 23:43:57,865 [Worker-5: Building] INFO  o.e.m.c.i.embedder.EclipseLogger - skip non existing resourceDirectory C:\Users\Divyansh khare\Documents\workspace-sts-3.9.12.RELEASE\Phase-2 Backend\Jdbc\src\main\resources
2022-03-12 23:43:57,868 [Worker-5: Building] INFO  o.e.m.c.i.embedder.EclipseLogger - Using 'UTF-8' encoding to copy filtered resources.
2022-03-12 23:43:57,869 [Worker-5: Building] INFO  o.e.m.c.i.embedder.EclipseLogger - skip non existing resourceDirectory C:\Users\Divyansh khare\Documents\workspace-sts-3.9.12.RELEASE\Phase-2 Backend\Jdbc\src\test\resources
2022-03-12 23:45:13,876 [Worker-14: Updating Maven Project] INFO  o.e.m.c.i.p.ProjectConfigurationManager - Update started
2022-03-12 23:45:15,154 [Worker-14: Updating Maven Project] INFO  o.e.m.c.i.l.LifecycleMappingFactory - Using org.eclipse.m2e.jdt.JarLifecycleMapping lifecycle mapping for MavenProject: com.simplilearn:Jdbc:0.0.1-SNAPSHOT @ C:\Users\Divyansh khare\Documents\workspace-sts-3.9.12.RELEASE\Phase-2 Backend\Jdbc\pom.xml.
2022-03-12 23:45:15,378 [Worker-14: Updating Maven Project] INFO  o.e.m.j.i.AbstractJavaProjectConfigurator - Adding source folder /Jdbc/src/main/java
2022-03-12 23:45:15,380 [Worker-14: Updating Maven Project] INFO  o.e.m.j.i.AbstractJavaProjectConfigurator - Adding source folder /Jdbc/src/test/java
2022-03-12 23:45:15,551 [Worker-14: Updating Maven Project] INFO  o.e.m.c.i.p.ProjectConfigurationManager - Update completed: 1 sec
2022-03-12 23:45:15,856 [Worker-10: Building] INFO  o.e.m.c.i.embedder.EclipseLogger - Using 'UTF-8' encoding to copy filtered resources.
2022-03-12 23:45:15,857 [Worker-10: Building] INFO  o.e.m.c.i.embedder.EclipseLogger - skip non existing resourceDirectory C:\Users\Divyansh khare\Documents\workspace-sts-3.9.12.RELEASE\Phase-2 Backend\Jdbc\src\main\resources
2022-03-12 23:45:15,859 [Worker-10: Building] INFO  o.e.m.c.i.embedder.EclipseLogger - Using 'UTF-8' encoding to copy filtered resources.
2022-03-12 23:45:15,859 [Worker-10: Building] INFO  o.e.m.c.i.embedder.EclipseLogger - skip non existing resourceDirectory C:\Users\Divyansh khare\Documents\workspace-sts-3.9.12.RELEASE\Phase-2 Backend\Jdbc\src\test\resources
2022-03-12 23:45:30,252 [Worker-5: Updating Maven Project] INFO  o.e.m.c.i.p.ProjectConfigurationManager - Update started
2022-03-12 23:45:31,114 [Worker-5: Updating Maven Project] INFO  o.e.m.c.i.l.LifecycleMappingFactory - Using org.eclipse.m2e.jdt.JarLifecycleMapping lifecycle mapping for MavenProject: com.simplilearn:Jdbc:0.0.1-SNAPSHOT @ C:\Users\Divyansh khare\Documents\workspace-sts-3.9.12.RELEASE\Phase-2 Backend\Jdbc\pom.xml.
2022-03-12 23:45:31,341 [Worker-5: Updating Maven Project] INFO  o.e.m.j.i.AbstractJavaProjectConfigurator - Adding source folder /Jdbc/src/main/java
2022-03-12 23:45:31,343 [Worker-5: Updating Maven Project] INFO  o.e.m.j.i.AbstractJavaProjectConfigurator - Adding source folder /Jdbc/src/test/java
2022-03-12 23:45:31,473 [Worker-5: Updating Maven Project] INFO  o.e.m.c.i.p.ProjectConfigurationManager - Update completed: 1 sec
2022-03-12 23:45:31,689 [Worker-5: Building] INFO  o.e.m.c.i.embedder.EclipseLogger - Using 'UTF-8' encoding to copy filtered resources.
2022-03-12 23:45:31,690 [Worker-5: Building] INFO  o.e.m.c.i.embedder.EclipseLogger - skip non existing resourceDirectory C:\Users\Divyansh khare\Documents\workspace-sts-3.9.12.RELEASE\Phase-2 Backend\Jdbc\src\main\resources
2022-03-12 23:45:31,692 [Worker-5: Building] INFO  o.e.m.c.i.embedder.EclipseLogger - Using 'UTF-8' encoding to copy filtered resources.
2022-03-12 23:45:31,693 [Worker-5: Building] INFO  o.e.m.c.i.embedder.EclipseLogger - skip non existing resourceDirectory C:\Users\Divyansh khare\Documents\workspace-sts-3.9.12.RELEASE\Phase-2 Backend\Jdbc\src\test\resources
2022-03-12 23:47:55,775 [Worker-2: Building] INFO  o.e.m.c.i.embedder.EclipseLogger - Using 'UTF-8' encoding to copy filtered resources.
2022-03-12 23:47:55,777 [Worker-2: Building] INFO  o.e.m.c.i.embedder.EclipseLogger - skip non existing resourceDirectory C:\Users\Divyansh khare\Documents\workspace-sts-3.9.12.RELEASE\Phase-2 Backend\Jdbc\src\main\resources
2022-03-12 23:47:55,779 [Worker-2: Building] INFO  o.e.m.c.i.embedder.EclipseLogger - Using 'UTF-8' encoding to copy filtered resources.
2022-03-12 23:47:55,780 [Worker-2: Building] INFO  o.e.m.c.i.embedder.EclipseLogger - skip non existing resourceDirectory C:\Users\Divyansh khare\Documents\workspace-sts-3.9.12.RELEASE\Phase-2 Backend\Jdbc\src\test\resources
2022-03-12 23:47:59,248 [Worker-4: Building] INFO  o.e.m.c.i.embedder.EclipseLogger - Using 'UTF-8' encoding to copy filtered resources.
2022-03-12 23:47:59,250 [Worker-4: Building] INFO  o.e.m.c.i.embedder.EclipseLogger - skip non existing resourceDirectory C:\Users\Divyansh khare\Documents\workspace-sts-3.9.12.RELEASE\Phase-2 Backend\Jdbc\src\main\resources
2022-03-12 23:47:59,252 [Worker-4: Building] INFO  o.e.m.c.i.embedder.EclipseLogger - Using 'UTF-8' encoding to copy filtered resources.
2022-03-12 23:47:59,254 [Worker-4: Building] INFO  o.e.m.c.i.embedder.EclipseLogger - skip non existing resourceDirectory C:\Users\Divyansh khare\Documents\workspace-sts-3.9.12.RELEASE\Phase-2 Backend\Jdbc\src\test\resources
2022-03-12 23:48:51,814 [Worker-10: Updating Maven Project] INFO  o.e.m.c.i.p.ProjectConfigurationManager - Update started
2022-03-12 23:48:52,826 [Worker-10: Updating Maven Project] INFO  o.e.m.c.i.l.LifecycleMappingFactory - Using org.eclipse.m2e.jdt.JarLifecycleMapping lifecycle mapping for MavenProject: com.simplilearn:Jdbc:0.0.1-SNAPSHOT @ C:\Users\Divyansh khare\Documents\workspace-sts-3.9.12.RELEASE\Phase-2 Backend\Jdbc\pom.xml.
2022-03-12 23:48:53,060 [Worker-10: Updating Maven Project] INFO  o.e.m.j.i.AbstractJavaProjectConfigurator - Adding source folder /Jdbc/src/main/java
2022-03-12 23:48:53,062 [Worker-10: Updating Maven Project] INFO  o.e.m.j.i.AbstractJavaProjectConfigurator - Adding source folder /Jdbc/src/test/java
2022-03-12 23:48:53,321 [Worker-10: Updating Maven Project] INFO  o.e.m.c.i.p.ProjectConfigurationManager - Update completed: 1 sec
2022-03-12 23:48:53,503 [Worker-10: Building] INFO  o.e.m.c.i.embedder.EclipseLogger - Using 'UTF-8' encoding to copy filtered resources.
2022-03-12 23:48:53,503 [Worker-10: Building] INFO  o.e.m.c.i.embedder.EclipseLogger - skip non existing resourceDirectory C:\Users\Divyansh khare\Documents\workspace-sts-3.9.12.RELEASE\Phase-2 Backend\Jdbc\src\main\resources
2022-03-12 23:48:53,506 [Worker-10: Building] INFO  o.e.m.c.i.embedder.EclipseLogger - Using 'UTF-8' encoding to copy filtered resources.
2022-03-12 23:48:53,507 [Worker-10: Building] INFO  o.e.m.c.i.embedder.EclipseLogger - skip non existing resourceDirectory C:\Users\Divyansh khare\Documents\workspace-sts-3.9.12.RELEASE\Phase-2 Backend\Jdbc\src\test\resources
2022-03-12 23:52:59,448 [Worker-5: Building] INFO  o.e.m.c.i.embedder.EclipseLogger - Using 'UTF-8' encoding to copy filtered resources.
2022-03-12 23:52:59,448 [Worker-5: Building] INFO  o.e.m.c.i.embedder.EclipseLogger - skip non existing resourceDirectory C:\Users\Divyansh khare\Documents\workspace-sts-3.9.12.RELEASE\Phase-2 Backend\Jdbc\src\main\resources
2022-03-12 23:52:59,450 [Worker-5: Building] INFO  o.e.m.c.i.embedder.EclipseLogger - Using 'UTF-8' encoding to copy filtered resources.
2022-03-12 23:52:59,450 [Worker-5: Building] INFO  o.e.m.c.i.embedder.EclipseLogger - skip non existing resourceDirectory C:\Users\Divyansh khare\Documents\workspace-sts-3.9.12.RELEASE\Phase-2 Backend\Jdbc\src\test\resources
2022-03-12 23:58:16,703 [Worker-18: Building] INFO  o.e.m.c.i.embedder.EclipseLogger - Using 'UTF-8' encoding to copy filtered resources.
2022-03-12 23:58:16,705 [Worker-18: Building] INFO  o.e.m.c.i.embedder.EclipseLogger - skip non existing resourceDirectory C:\Users\Divyansh khare\Documents\workspace-sts-3.9.12.RELEASE\Phase-2 Backend\Jdbc\src\main\resources
2022-03-12 23:58:16,707 [Worker-18: Building] INFO  o.e.m.c.i.embedder.EclipseLogger - Using 'UTF-8' encoding to copy filtered resources.
2022-03-12 23:58:16,707 [Worker-18: Building] INFO  o.e.m.c.i.embedder.EclipseLogger - skip non existing resourceDirectory C:\Users\Divyansh khare\Documents\workspace-sts-3.9.12.RELEASE\Phase-2 Backend\Jdbc\src\test\resources
2022-03-13 00:28:15,122 [Worker-10: Updating Maven Project] INFO  o.e.m.c.i.p.ProjectConfigurationManager - Update started
2022-03-13 00:28:31,573 [Worker-10: Updating Maven Project] INFO  o.e.m.c.i.l.LifecycleMappingFactory - Using org.eclipse.m2e.jdt.JarLifecycleMapping lifecycle mapping for MavenProject: com.simplilearn:Jdbc:0.0.1-SNAPSHOT @ C:\Users\Divyansh khare\Documents\workspace-sts-3.9.12.RELEASE\Phase-2 Backend\Jdbc\pom.xml.
2022-03-13 00:28:32,873 [Worker-10: Updating Maven Project] INFO  o.e.m.j.i.AbstractJavaProjectConfigurator - Adding source folder /Jdbc/src/main/java
2022-03-13 00:28:32,875 [Worker-10: Updating Maven Project] INFO  o.e.m.j.i.AbstractJavaProjectConfigurator - Adding source folder /Jdbc/src/test/java
2022-03-13 00:28:33,119 [Worker-10: Updating Maven Project] INFO  o.e.m.c.i.p.ProjectConfigurationManager - Update completed: 17 sec
2022-03-13 00:28:33,546 [Worker-24: Building] INFO  o.e.m.c.i.embedder.EclipseLogger - Using 'UTF-8' encoding to copy filtered resources.
2022-03-13 00:28:33,548 [Worker-24: Building] INFO  o.e.m.c.i.embedder.EclipseLogger - skip non existing resourceDirectory C:\Users\Divyansh khare\Documents\workspace-sts-3.9.12.RELEASE\Phase-2 Backend\Jdbc\src\main\resources
2022-03-13 00:28:33,552 [Worker-24: Building] INFO  o.e.m.c.i.embedder.EclipseLogger - Using 'UTF-8' encoding to copy filtered resources.
2022-03-13 00:28:33,554 [Worker-24: Building] INFO  o.e.m.c.i.embedder.EclipseLogger - skip non existing resourceDirectory C:\Users\Divyansh khare\Documents\workspace-sts-3.9.12.RELEASE\Phase-2 Backend\Jdbc\src\test\resources
2022-03-13 00:31:09,350 [Worker-24: Building] INFO  o.e.m.c.i.embedder.EclipseLogger - Using 'UTF-8' encoding to copy filtered resources.
2022-03-13 00:31:09,351 [Worker-24: Building] INFO  o.e.m.c.i.embedder.EclipseLogger - skip non existing resourceDirectory C:\Users\Divyansh khare\Documents\workspace-sts-3.9.12.RELEASE\Phase-2 Backend\Jdbc\src\main\resources
2022-03-13 00:31:09,353 [Worker-24: Building] INFO  o.e.m.c.i.embedder.EclipseLogger - Using 'UTF-8' encoding to copy filtered resources.
2022-03-13 00:31:09,355 [Worker-24: Building] INFO  o.e.m.c.i.embedder.EclipseLogger - skip non existing resourceDirectory C:\Users\Divyansh khare\Documents\workspace-sts-3.9.12.RELEASE\Phase-2 Backend\Jdbc\src\test\resources
2022-03-13 00:31:23,311 [Worker-25: Updating Maven Project] INFO  o.e.m.c.i.p.ProjectConfigurationManager - Update started
2022-03-13 00:31:24,730 [Worker-25: Updating Maven Project] INFO  o.e.m.c.i.l.LifecycleMappingFactory - Using org.eclipse.m2e.jdt.JarLifecycleMapping lifecycle mapping for MavenProject: com.simplilearn:Jdbc:0.0.1-SNAPSHOT @ C:\Users\Divyansh khare\Documents\workspace-sts-3.9.12.RELEASE\Phase-2 Backend\Jdbc\pom.xml.
2022-03-13 00:31:25,143 [Worker-25: Updating Maven Project] INFO  o.e.m.j.i.AbstractJavaProjectConfigurator - Adding source folder /Jdbc/src/main/java
2022-03-13 00:31:25,146 [Worker-25: Updating Maven Project] INFO  o.e.m.j.i.AbstractJavaProjectConfigurator - Adding source folder /Jdbc/src/test/java
2022-03-13 00:31:25,308 [Worker-25: Updating Maven Project] INFO  o.e.m.c.i.p.ProjectConfigurationManager - Update completed: 1 sec
2022-03-13 00:31:25,698 [Worker-2: Building] INFO  o.e.m.c.i.embedder.EclipseLogger - Using 'UTF-8' encoding to copy filtered resources.
2022-03-13 00:31:25,699 [Worker-2: Building] INFO  o.e.m.c.i.embedder.EclipseLogger - skip non existing resourceDirectory C:\Users\Divyansh khare\Documents\workspace-sts-3.9.12.RELEASE\Phase-2 Backend\Jdbc\src\main\resources
2022-03-13 00:31:25,702 [Worker-2: Building] INFO  o.e.m.c.i.embedder.EclipseLogger - Using 'UTF-8' encoding to copy filtered resources.
2022-03-13 00:31:25,703 [Worker-2: Building] INFO  o.e.m.c.i.embedder.EclipseLogger - skip non existing resourceDirectory C:\Users\Divyansh khare\Documents\workspace-sts-3.9.12.RELEASE\Phase-2 Backend\Jdbc\src\test\resources
2022-03-13 00:31:59,850 [main] INFO  o.e.m2e.actions.ExecutePomAction - Creating new launch configuration
2022-03-13 00:32:23,531 [Worker-24: Building] INFO  o.e.m.c.i.l.LifecycleMappingFactory - Using org.eclipse.m2e.jdt.JarLifecycleMapping lifecycle mapping for MavenProject: com.simplilearn:jdbc:0.0.1-SNAPSHOT @ C:\Users\Divyansh khare\Documents\workspace-sts-3.9.12.RELEASE\Phase-2 Backend\Jdbc\pom.xml.
2022-03-13 00:32:25,694 [Worker-24: Building] INFO  o.e.m.c.i.e.AbstractTransferListenerAdapter - Downloading https://repo.maven.apache.org/maven2/mysql/mysql-connector-java/8.0.28/mysql-connector-java-8.0.28.pom
2022-03-13 00:32:26,159 [Worker-24: Building] INFO  o.e.m.c.i.e.AbstractTransferListenerAdapter - Downloaded https://repo.maven.apache.org/maven2/mysql/mysql-connector-java/8.0.28/mysql-connector-java-8.0.28.pom
2022-03-13 00:32:26,496 [Worker-24: Building] INFO  o.e.m.c.i.e.AbstractTransferListenerAdapter - Downloading https://repo.maven.apache.org/maven2/com/google/protobuf/protobuf-java/3.11.4/protobuf-java-3.11.4.pom
2022-03-13 00:32:26,793 [Worker-24: Building] INFO  o.e.m.c.i.e.AbstractTransferListenerAdapter - Downloaded https://repo.maven.apache.org/maven2/com/google/protobuf/protobuf-java/3.11.4/protobuf-java-3.11.4.pom
2022-03-13 00:32:27,083 [Worker-24: Building] INFO  o.e.m.c.i.e.AbstractTransferListenerAdapter - Downloading https://repo.maven.apache.org/maven2/com/google/protobuf/protobuf-parent/3.11.4/protobuf-parent-3.11.4.pom
2022-03-13 00:32:27,338 [Worker-24: Building] INFO  o.e.m.c.i.e.AbstractTransferListenerAdapter - Downloaded https://repo.maven.apache.org/maven2/com/google/protobuf/protobuf-parent/3.11.4/protobuf-parent-3.11.4.pom
2022-03-13 00:32:27,666 [Worker-24: Building] INFO  o.e.m.c.i.e.AbstractTransferListenerAdapter - Downloading https://repo.maven.apache.org/maven2/com/google/protobuf/protobuf-bom/3.11.4/protobuf-bom-3.11.4.pom
2022-03-13 00:32:27,967 [Worker-24: Building] INFO  o.e.m.c.i.e.AbstractTransferListenerAdapter - Downloaded https://repo.maven.apache.org/maven2/com/google/protobuf/protobuf-bom/3.11.4/protobuf-bom-3.11.4.pom
2022-03-13 00:32:28,266 [AetherRepositoryConnector-repo.maven.apache.org-0-0] INFO  o.e.m.c.i.e.AbstractTransferListenerAdapter - Downloading https://repo.maven.apache.org/maven2/mysql/mysql-connector-java/8.0.28/mysql-connector-java-8.0.28.jar
2022-03-13 00:32:28,517 [AetherRepositoryConnector-repo.maven.apache.org-0-1] INFO  o.e.m.c.i.e.AbstractTransferListenerAdapter - Downloading https://repo.maven.apache.org/maven2/com/google/protobuf/protobuf-java/3.11.4/protobuf-java-3.11.4.jar
2022-03-13 00:32:30,984 [AetherRepositoryConnector-repo.maven.apache.org-0-1] INFO  o.e.m.c.i.e.AbstractTransferListenerAdapter - Downloaded https://repo.maven.apache.org/maven2/com/google/protobuf/protobuf-java/3.11.4/protobuf-java-3.11.4.jar
2022-03-13 00:32:31,284 [AetherRepositoryConnector-repo.maven.apache.org-0-0] INFO  o.e.m.c.i.e.AbstractTransferListenerAdapter - Downloaded https://repo.maven.apache.org/maven2/mysql/mysql-connector-java/8.0.28/mysql-connector-java-8.0.28.jar
2022-03-13 00:32:34,923 [Worker-24: Building] INFO  o.e.m.c.i.embedder.EclipseLogger - Using 'UTF-8' encoding to copy filtered resources.
2022-03-13 00:32:34,924 [Worker-24: Building] INFO  o.e.m.c.i.embedder.EclipseLogger - skip non existing resourceDirectory C:\Users\Divyansh khare\Documents\workspace-sts-3.9.12.RELEASE\Phase-2 Backend\Jdbc\src\main\resources
2022-03-13 00:32:34,927 [Worker-24: Building] INFO  o.e.m.c.i.embedder.EclipseLogger - Using 'UTF-8' encoding to copy filtered resources.
2022-03-13 00:32:34,928 [Worker-24: Building] INFO  o.e.m.c.i.embedder.EclipseLogger - skip non existing resourceDirectory C:\Users\Divyansh khare\Documents\workspace-sts-3.9.12.RELEASE\Phase-2 Backend\Jdbc\src\test\resources
2022-03-13 00:32:36,606 [Worker-10: Download sources and javadoc] INFO  o.e.m.c.i.e.AbstractTransferListenerAdapter - Downloading https://repo.maven.apache.org/maven2/mysql/mysql-connector-java/8.0.28/mysql-connector-java-8.0.28-sources.jar
2022-03-13 00:32:36,970 [Worker-26: Building] INFO  o.e.m.c.i.embedder.EclipseLogger - Using 'UTF-8' encoding to copy filtered resources.
2022-03-13 00:32:36,970 [Worker-26: Building] INFO  o.e.m.c.i.embedder.EclipseLogger - skip non existing resourceDirectory C:\Users\Divyansh khare\Documents\workspace-sts-3.9.12.RELEASE\Phase-2 Backend\Jdbc\src\main\resources
2022-03-13 00:32:36,971 [Worker-26: Building] INFO  o.e.m.c.i.embedder.EclipseLogger - Using 'UTF-8' encoding to copy filtered resources.
2022-03-13 00:32:36,973 [Worker-26: Building] INFO  o.e.m.c.i.embedder.EclipseLogger - skip non existing resourceDirectory C:\Users\Divyansh khare\Documents\workspace-sts-3.9.12.RELEASE\Phase-2 Backend\Jdbc\src\test\resources
2022-03-13 00:32:38,258 [Worker-10: Download sources and javadoc] INFO  o.e.m.c.i.e.AbstractTransferListenerAdapter - Downloaded https://repo.maven.apache.org/maven2/mysql/mysql-connector-java/8.0.28/mysql-connector-java-8.0.28-sources.jar
2022-03-13 00:32:38,774 [Worker-10: Download sources and javadoc] INFO  o.e.m.j.internal.DownloadSourcesJob - Downloaded sources for mysql:mysql-connector-java:8.0.28
2022-03-13 00:32:39,861 [Worker-10: Download sources and javadoc] INFO  o.e.m.c.i.e.AbstractTransferListenerAdapter - Downloading https://repo.maven.apache.org/maven2/com/google/protobuf/protobuf-java/3.11.4/protobuf-java-3.11.4-sources.jar
2022-03-13 00:32:41,210 [Worker-10: Download sources and javadoc] INFO  o.e.m.c.i.e.AbstractTransferListenerAdapter - Downloaded https://repo.maven.apache.org/maven2/com/google/protobuf/protobuf-java/3.11.4/protobuf-java-3.11.4-sources.jar
2022-03-13 00:32:41,563 [Worker-10: Download sources and javadoc] INFO  o.e.m.j.internal.DownloadSourcesJob - Downloaded sources for com.google.protobuf:protobuf-java:3.11.4
2022-03-13 00:32:42,006 [Worker-10: Building] INFO  o.e.m.c.i.embedder.EclipseLogger - Using 'UTF-8' encoding to copy filtered resources.
2022-03-13 00:32:42,007 [Worker-10: Building] INFO  o.e.m.c.i.embedder.EclipseLogger - skip non existing resourceDirectory C:\Users\Divyansh khare\Documents\workspace-sts-3.9.12.RELEASE\Phase-2 Backend\Jdbc\src\main\resources
2022-03-13 00:32:42,010 [Worker-10: Building] INFO  o.e.m.c.i.embedder.EclipseLogger - Using 'UTF-8' encoding to copy filtered resources.
2022-03-13 00:32:42,010 [Worker-10: Building] INFO  o.e.m.c.i.embedder.EclipseLogger - skip non existing resourceDirectory C:\Users\Divyansh khare\Documents\workspace-sts-3.9.12.RELEASE\Phase-2 Backend\Jdbc\src\test\resources
2022-03-13 00:34:55,887 [Worker-27: Building] INFO  o.e.m.c.i.l.LifecycleMappingFactory - Using org.eclipse.m2e.jdt.JarLifecycleMapping lifecycle mapping for MavenProject: com.simplilearn:jdbc:0.0.1-SNAPSHOT @ C:\Users\Divyansh khare\Documents\workspace-sts-3.9.12.RELEASE\Phase-2 Backend\Jdbc\pom.xml.
2022-03-13 00:34:56,244 [Worker-27: Building] INFO  o.e.m.c.i.embedder.EclipseLogger - Using 'UTF-8' encoding to copy filtered resources.
2022-03-13 00:34:56,245 [Worker-27: Building] INFO  o.e.m.c.i.embedder.EclipseLogger - skip non existing resourceDirectory C:\Users\Divyansh khare\Documents\workspace-sts-3.9.12.RELEASE\Phase-2 Backend\Jdbc\src\main\resources
2022-03-13 00:34:56,247 [Worker-27: Building] INFO  o.e.m.c.i.embedder.EclipseLogger - Using 'UTF-8' encoding to copy filtered resources.
2022-03-13 00:34:56,249 [Worker-27: Building] INFO  o.e.m.c.i.embedder.EclipseLogger - skip non existing resourceDirectory C:\Users\Divyansh khare\Documents\workspace-sts-3.9.12.RELEASE\Phase-2 Backend\Jdbc\src\test\resources
2022-03-13 00:35:18,996 [Worker-25: Updating Maven Project] INFO  o.e.m.c.i.p.ProjectConfigurationManager - Update started
2022-03-13 00:35:19,758 [Worker-25: Updating Maven Project] INFO  o.e.m.c.i.l.LifecycleMappingFactory - Using org.eclipse.m2e.jdt.JarLifecycleMapping lifecycle mapping for MavenProject: com.simplilearn:jdbc:0.0.1-SNAPSHOT @ C:\Users\Divyansh khare\Documents\workspace-sts-3.9.12.RELEASE\Phase-2 Backend\Jdbc\pom.xml.
2022-03-13 00:35:20,043 [Worker-25: Updating Maven Project] INFO  o.e.m.j.i.AbstractJavaProjectConfigurator - Adding source folder /Jdbc/src/main/java
2022-03-13 00:35:20,045 [Worker-25: Updating Maven Project] INFO  o.e.m.j.i.AbstractJavaProjectConfigurator - Adding source folder /Jdbc/src/test/java
2022-03-13 00:35:20,641 [Worker-25: Updating Maven Project] INFO  o.e.m.c.i.p.ProjectConfigurationManager - Update completed: 1 sec
2022-03-13 00:35:20,869 [Worker-24: Building] INFO  o.e.m.c.i.embedder.EclipseLogger - Using 'UTF-8' encoding to copy filtered resources.
2022-03-13 00:35:20,869 [Worker-24: Building] INFO  o.e.m.c.i.embedder.EclipseLogger - skip non existing resourceDirectory C:\Users\Divyansh khare\Documents\workspace-sts-3.9.12.RELEASE\Phase-2 Backend\Jdbc\src\main\resources
2022-03-13 00:35:20,873 [Worker-24: Building] INFO  o.e.m.c.i.embedder.EclipseLogger - Using 'UTF-8' encoding to copy filtered resources.
2022-03-13 00:35:20,873 [Worker-24: Building] INFO  o.e.m.c.i.embedder.EclipseLogger - skip non existing resourceDirectory C:\Users\Divyansh khare\Documents\workspace-sts-3.9.12.RELEASE\Phase-2 Backend\Jdbc\src\test\resources
2022-03-13 00:35:45,393 [Worker-25: Building] INFO  o.e.m.c.i.l.LifecycleMappingFactory - Using org.eclipse.m2e.jdt.JarLifecycleMapping lifecycle mapping for MavenProject: com.simplilearn:jdbc:0.0.1-SNAPSHOT @ C:\Users\Divyansh khare\Documents\workspace-sts-3.9.12.RELEASE\Phase-2 Backend\Jdbc\pom.xml.
2022-03-13 00:35:45,768 [Worker-25: Building] INFO  o.e.m.c.i.embedder.EclipseLogger - Using 'UTF-8' encoding to copy filtered resources.
2022-03-13 00:35:45,769 [Worker-25: Building] INFO  o.e.m.c.i.embedder.EclipseLogger - skip non existing resourceDirectory C:\Users\Divyansh khare\Documents\workspace-sts-3.9.12.RELEASE\Phase-2 Backend\Jdbc\src\main\resources
2022-03-13 00:35:45,771 [Worker-25: Building] INFO  o.e.m.c.i.embedder.EclipseLogger - Using 'UTF-8' encoding to copy filtered resources.
2022-03-13 00:35:45,772 [Worker-25: Building] INFO  o.e.m.c.i.embedder.EclipseLogger - skip non existing resourceDirectory C:\Users\Divyansh khare\Documents\workspace-sts-3.9.12.RELEASE\Phase-2 Backend\Jdbc\src\test\resources
2022-03-13 00:35:58,977 [Worker-28: Updating Maven Project] INFO  o.e.m.c.i.p.ProjectConfigurationManager - Update started
2022-03-13 00:35:59,711 [Worker-28: Updating Maven Project] INFO  o.e.m.c.i.l.LifecycleMappingFactory - Using org.eclipse.m2e.jdt.JarLifecycleMapping lifecycle mapping for MavenProject: com.simplilearn:jdbc:0.0.1-SNAPSHOT @ C:\Users\Divyansh khare\Documents\workspace-sts-3.9.12.RELEASE\Phase-2 Backend\Jdbc\pom.xml.
2022-03-13 00:36:00,021 [Worker-28: Updating Maven Project] INFO  o.e.m.j.i.AbstractJavaProjectConfigurator - Adding source folder /Jdbc/src/main/java
2022-03-13 00:36:00,022 [Worker-28: Updating Maven Project] INFO  o.e.m.j.i.AbstractJavaProjectConfigurator - Adding source folder /Jdbc/src/test/java
2022-03-13 00:36:00,510 [Worker-28: Updating Maven Project] INFO  o.e.m.c.i.p.ProjectConfigurationManager - Update completed: 1 sec
2022-03-13 00:36:00,729 [Worker-2: Building] INFO  o.e.m.c.i.embedder.EclipseLogger - Using 'UTF-8' encoding to copy filtered resources.
2022-03-13 00:36:00,730 [Worker-2: Building] INFO  o.e.m.c.i.embedder.EclipseLogger - skip non existing resourceDirectory C:\Users\Divyansh khare\Documents\workspace-sts-3.9.12.RELEASE\Phase-2 Backend\Jdbc\src\main\resources
2022-03-13 00:36:00,732 [Worker-2: Building] INFO  o.e.m.c.i.embedder.EclipseLogger - Using 'UTF-8' encoding to copy filtered resources.
2022-03-13 00:36:00,733 [Worker-2: Building] INFO  o.e.m.c.i.embedder.EclipseLogger - skip non existing resourceDirectory C:\Users\Divyansh khare\Documents\workspace-sts-3.9.12.RELEASE\Phase-2 Backend\Jdbc\src\test\resources
2022-03-13 00:45:06,173 [Worker-26: Building] INFO  o.e.m.c.i.embedder.EclipseLogger - Using 'UTF-8' encoding to copy filtered resources.
2022-03-13 00:45:06,174 [Worker-26: Building] INFO  o.e.m.c.i.embedder.EclipseLogger - skip non existing resourceDirectory C:\Users\Divyansh khare\Documents\workspace-sts-3.9.12.RELEASE\Phase-2 Backend\Jdbc\src\main\resources
2022-03-13 00:45:06,175 [Worker-26: Building] INFO  o.e.m.c.i.embedder.EclipseLogger - Using 'UTF-8' encoding to copy filtered resources.
2022-03-13 00:45:06,176 [Worker-26: Building] INFO  o.e.m.c.i.embedder.EclipseLogger - skip non existing resourceDirectory C:\Users\Divyansh khare\Documents\workspace-sts-3.9.12.RELEASE\Phase-2 Backend\Jdbc\src\test\resources
2022-03-13 00:47:30,687 [Worker-29: Building] INFO  o.e.m.c.i.embedder.EclipseLogger - Using 'UTF-8' encoding to copy filtered resources.
2022-03-13 00:47:30,687 [Worker-29: Building] INFO  o.e.m.c.i.embedder.EclipseLogger - skip non existing resourceDirectory C:\Users\Divyansh khare\Documents\workspace-sts-3.9.12.RELEASE\Phase-2 Backend\Jdbc\src\main\resources
2022-03-13 00:47:30,689 [Worker-29: Building] INFO  o.e.m.c.i.embedder.EclipseLogger - Using 'UTF-8' encoding to copy filtered resources.
2022-03-13 00:47:30,690 [Worker-29: Building] INFO  o.e.m.c.i.embedder.EclipseLogger - skip non existing resourceDirectory C:\Users\Divyansh khare\Documents\workspace-sts-3.9.12.RELEASE\Phase-2 Backend\Jdbc\src\test\resources
2022-03-13 00:51:12,853 [Worker-10: Building] INFO  o.e.m.c.i.embedder.EclipseLogger - Using 'UTF-8' encoding to copy filtered resources.
2022-03-13 00:51:12,853 [Worker-10: Building] INFO  o.e.m.c.i.embedder.EclipseLogger - skip non existing resourceDirectory C:\Users\Divyansh khare\Documents\workspace-sts-3.9.12.RELEASE\Phase-2 Backend\Jdbc\src\main\resources
2022-03-13 00:51:12,854 [Worker-10: Building] INFO  o.e.m.c.i.embedder.EclipseLogger - Using 'UTF-8' encoding to copy filtered resources.
2022-03-13 00:51:12,855 [Worker-10: Building] INFO  o.e.m.c.i.embedder.EclipseLogger - skip non existing resourceDirectory C:\Users\Divyansh khare\Documents\workspace-sts-3.9.12.RELEASE\Phase-2 Backend\Jdbc\src\test\resources
2022-03-13 01:01:25,649 [Worker-27: Building] INFO  o.e.m.c.i.embedder.EclipseLogger - Using 'UTF-8' encoding to copy filtered resources.
2022-03-13 01:01:25,650 [Worker-27: Building] INFO  o.e.m.c.i.embedder.EclipseLogger - skip non existing resourceDirectory C:\Users\Divyansh khare\Documents\workspace-sts-3.9.12.RELEASE\Phase-2 Backend\Jdbc\src\main\resources
2022-03-13 01:01:25,651 [Worker-27: Building] INFO  o.e.m.c.i.embedder.EclipseLogger - Using 'UTF-8' encoding to copy filtered resources.
2022-03-13 01:01:25,652 [Worker-27: Building] INFO  o.e.m.c.i.embedder.EclipseLogger - skip non existing resourceDirectory C:\Users\Divyansh khare\Documents\workspace-sts-3.9.12.RELEASE\Phase-2 Backend\Jdbc\src\test\resources
2022-03-13 01:08:13,132 [Worker-30: Launching App] INFO  o.e.m.c.i.embedder.EclipseLogger - Using 'UTF-8' encoding to copy filtered resources.
2022-03-13 01:08:13,133 [Worker-30: Launching App] INFO  o.e.m.c.i.embedder.EclipseLogger - skip non existing resourceDirectory C:\Users\Divyansh khare\Documents\workspace-sts-3.9.12.RELEASE\Phase-2 Backend\Jdbc\src\main\resources
2022-03-13 01:08:13,136 [Worker-30: Launching App] INFO  o.e.m.c.i.embedder.EclipseLogger - Using 'UTF-8' encoding to copy filtered resources.
2022-03-13 01:08:13,137 [Worker-30: Launching App] INFO  o.e.m.c.i.embedder.EclipseLogger - skip non existing resourceDirectory C:\Users\Divyansh khare\Documents\workspace-sts-3.9.12.RELEASE\Phase-2 Backend\Jdbc\src\test\resources
2022-03-13 01:10:28,954 [Worker-31: Building] INFO  o.e.m.c.i.embedder.EclipseLogger - Using 'UTF-8' encoding to copy filtered resources.
2022-03-13 01:10:28,955 [Worker-31: Building] INFO  o.e.m.c.i.embedder.EclipseLogger - skip non existing resourceDirectory C:\Users\Divyansh khare\Documents\workspace-sts-3.9.12.RELEASE\Phase-2 Backend\Jdbc\src\main\resources
2022-03-13 01:10:28,958 [Worker-31: Building] INFO  o.e.m.c.i.embedder.EclipseLogger - Using 'UTF-8' encoding to copy filtered resources.
2022-03-13 01:10:28,959 [Worker-31: Building] INFO  o.e.m.c.i.embedder.EclipseLogger - skip non existing resourceDirectory C:\Users\Divyansh khare\Documents\workspace-sts-3.9.12.RELEASE\Phase-2 Backend\Jdbc\src\test\resources
2022-03-13 01:10:54,856 [Worker-26: Building] INFO  o.e.m.c.i.embedder.EclipseLogger - Using 'UTF-8' encoding to copy filtered resources.
2022-03-13 01:10:54,857 [Worker-26: Building] INFO  o.e.m.c.i.embedder.EclipseLogger - skip non existing resourceDirectory C:\Users\Divyansh khare\Documents\workspace-sts-3.9.12.RELEASE\Phase-2 Backend\Jdbc\src\main\resources
2022-03-13 01:10:54,861 [Worker-26: Building] INFO  o.e.m.c.i.embedder.EclipseLogger - Using 'UTF-8' encoding to copy filtered resources.
2022-03-13 01:10:54,863 [Worker-26: Building] INFO  o.e.m.c.i.embedder.EclipseLogger - skip non existing resourceDirectory C:\Users\Divyansh khare\Documents\workspace-sts-3.9.12.RELEASE\Phase-2 Backend\Jdbc\src\test\resources
2022-03-13 01:14:02,941 [Worker-26: Launching App] INFO  o.e.m.c.i.embedder.EclipseLogger - Using 'UTF-8' encoding to copy filtered resources.
2022-03-13 01:14:02,942 [Worker-26: Launching App] INFO  o.e.m.c.i.embedder.EclipseLogger - skip non existing resourceDirectory C:\Users\Divyansh khare\Documents\workspace-sts-3.9.12.RELEASE\Phase-2 Backend\Jdbc\src\main\resources
2022-03-13 01:14:02,944 [Worker-26: Launching App] INFO  o.e.m.c.i.embedder.EclipseLogger - Using 'UTF-8' encoding to copy filtered resources.
2022-03-13 01:14:02,946 [Worker-26: Launching App] INFO  o.e.m.c.i.embedder.EclipseLogger - skip non existing resourceDirectory C:\Users\Divyansh khare\Documents\workspace-sts-3.9.12.RELEASE\Phase-2 Backend\Jdbc\src\test\resources
2022-03-13 01:15:30,623 [Worker-30: Building] INFO  o.e.m.c.i.embedder.EclipseLogger - Using 'UTF-8' encoding to copy filtered resources.
2022-03-13 01:15:30,623 [Worker-30: Building] INFO  o.e.m.c.i.embedder.EclipseLogger - skip non existing resourceDirectory C:\Users\Divyansh khare\Documents\workspace-sts-3.9.12.RELEASE\Phase-2 Backend\Jdbc\src\main\resources
2022-03-13 01:15:30,625 [Worker-30: Building] INFO  o.e.m.c.i.embedder.EclipseLogger - Using 'UTF-8' encoding to copy filtered resources.
2022-03-13 01:15:30,626 [Worker-30: Building] INFO  o.e.m.c.i.embedder.EclipseLogger - skip non existing resourceDirectory C:\Users\Divyansh khare\Documents\workspace-sts-3.9.12.RELEASE\Phase-2 Backend\Jdbc\src\test\resources
2022-03-13 01:16:33,518 [Worker-30: Launching App] INFO  o.e.m.c.i.embedder.EclipseLogger - Using 'UTF-8' encoding to copy filtered resources.
2022-03-13 01:16:33,519 [Worker-30: Launching App] INFO  o.e.m.c.i.embedder.EclipseLogger - skip non existing resourceDirectory C:\Users\Divyansh khare\Documents\workspace-sts-3.9.12.RELEASE\Phase-2 Backend\Jdbc\src\main\resources
2022-03-13 01:16:33,521 [Worker-30: Launching App] INFO  o.e.m.c.i.embedder.EclipseLogger - Using 'UTF-8' encoding to copy filtered resources.
2022-03-13 01:16:33,523 [Worker-30: Launching App] INFO  o.e.m.c.i.embedder.EclipseLogger - skip non existing resourceDirectory C:\Users\Divyansh khare\Documents\workspace-sts-3.9.12.RELEASE\Phase-2 Backend\Jdbc\src\test\resources
2022-03-13 01:17:55,148 [Worker-34: Building] INFO  o.e.m.c.i.embedder.EclipseLogger - Using 'UTF-8' encoding to copy filtered resources.
2022-03-13 01:17:55,149 [Worker-34: Building] INFO  o.e.m.c.i.embedder.EclipseLogger - skip non existing resourceDirectory C:\Users\Divyansh khare\Documents\workspace-sts-3.9.12.RELEASE\Phase-2 Backend\Jdbc\src\main\resources
2022-03-13 01:17:55,151 [Worker-34: Building] INFO  o.e.m.c.i.embedder.EclipseLogger - Using 'UTF-8' encoding to copy filtered resources.
2022-03-13 01:17:55,152 [Worker-34: Building] INFO  o.e.m.c.i.embedder.EclipseLogger - skip non existing resourceDirectory C:\Users\Divyansh khare\Documents\workspace-sts-3.9.12.RELEASE\Phase-2 Backend\Jdbc\src\test\resources
2022-03-13 01:18:10,300 [Worker-31: Building] INFO  o.e.m.c.i.embedder.EclipseLogger - Using 'UTF-8' encoding to copy filtered resources.
2022-03-13 01:18:10,301 [Worker-31: Building] INFO  o.e.m.c.i.embedder.EclipseLogger - skip non existing resourceDirectory C:\Users\Divyansh khare\Documents\workspace-sts-3.9.12.RELEASE\Phase-2 Backend\Jdbc\src\main\resources
2022-03-13 01:18:10,302 [Worker-31: Building] INFO  o.e.m.c.i.embedder.EclipseLogger - Using 'UTF-8' encoding to copy filtered resources.
2022-03-13 01:18:10,304 [Worker-31: Building] INFO  o.e.m.c.i.embedder.EclipseLogger - skip non existing resourceDirectory C:\Users\Divyansh khare\Documents\workspace-sts-3.9.12.RELEASE\Phase-2 Backend\Jdbc\src\test\resources
2022-03-13 01:42:20,331 [Worker-37: Launching App] INFO  o.e.m.c.i.embedder.EclipseLogger - Using 'UTF-8' encoding to copy filtered resources.
2022-03-13 01:42:20,333 [Worker-37: Launching App] INFO  o.e.m.c.i.embedder.EclipseLogger - skip non existing resourceDirectory C:\Users\Divyansh khare\Documents\workspace-sts-3.9.12.RELEASE\Phase-2 Backend\Jdbc\src\main\resources
2022-03-13 01:42:20,335 [Worker-37: Launching App] INFO  o.e.m.c.i.embedder.EclipseLogger - Using 'UTF-8' encoding to copy filtered resources.
2022-03-13 01:42:20,336 [Worker-37: Launching App] INFO  o.e.m.c.i.embedder.EclipseLogger - skip non existing resourceDirectory C:\Users\Divyansh khare\Documents\workspace-sts-3.9.12.RELEASE\Phase-2 Backend\Jdbc\src\test\resources
2022-03-13 01:49:26,785 [Worker-27: Building] INFO  o.e.m.c.i.embedder.EclipseLogger - Using 'UTF-8' encoding to copy filtered resources.
2022-03-13 01:49:26,786 [Worker-27: Building] INFO  o.e.m.c.i.embedder.EclipseLogger - skip non existing resourceDirectory C:\Users\Divyansh khare\Documents\workspace-sts-3.9.12.RELEASE\Phase-2 Backend\Jdbc\src\main\resources
2022-03-13 01:49:26,788 [Worker-27: Building] INFO  o.e.m.c.i.embedder.EclipseLogger - Using 'UTF-8' encoding to copy filtered resources.
2022-03-13 01:49:26,789 [Worker-27: Building] INFO  o.e.m.c.i.embedder.EclipseLogger - skip non existing resourceDirectory C:\Users\Divyansh khare\Documents\workspace-sts-3.9.12.RELEASE\Phase-2 Backend\Jdbc\src\test\resources
2022-03-14 00:40:05,010 [Worker-2: Loading available Gradle versions] INFO  o.e.b.c.i.u.g.PublishedGradleVersions - Gradle version information cache is out-of-date. Trying to update.
2022-03-14 14:00:48,887 [Worker-0: Loading available Gradle versions] INFO  o.e.b.c.i.u.g.PublishedGradleVersions - Gradle version information cache is up-to-date. Trying to read.
2022-03-15 14:21:35,594 [Worker-0: Loading available Gradle versions] INFO  o.e.b.c.i.u.g.PublishedGradleVersions - Gradle version information cache is out-of-date. Trying to update.
2022-03-15 18:29:45,847 [Worker-6: Loading available Gradle versions] INFO  o.e.b.c.i.u.g.PublishedGradleVersions - Gradle version information cache is up-to-date. Trying to read.
2022-03-17 16:44:36,152 [Worker-0: Loading available Gradle versions] INFO  o.e.b.c.i.u.g.PublishedGradleVersions - Gradle version information cache is out-of-date. Trying to update.
2022-03-17 23:49:39,021 [Worker-4: Loading available Gradle versions] INFO  o.e.b.c.i.u.g.PublishedGradleVersions - Gradle version information cache is up-to-date. Trying to read.
2022-03-22 00:23:55,700 [Worker-3: Loading available Gradle versions] INFO  o.e.b.c.i.u.g.PublishedGradleVersions - Gradle version information cache is up-to-date. Trying to read.
2022-03-23 00:14:56,009 [Worker-4: Loading available Gradle versions] INFO  o.e.b.c.i.u.g.PublishedGradleVersions - Gradle version information cache is out-of-date. Trying to update.
2022-03-24 14:52:56,405 [Worker-0: Loading available Gradle versions] INFO  o.e.b.c.i.u.g.PublishedGradleVersions - Gradle version information cache is up-to-date. Trying to read.
2022-03-24 14:56:57,723 [Worker-5: Loading available Gradle versions] INFO  o.e.b.c.i.u.g.PublishedGradleVersions - Gradle version information cache is up-to-date. Trying to read.
2022-03-24 15:05:52,795 [Worker-14: Updating Maven dependencies for project 'FlyAwayAirline'] INFO  o.e.m.i.launch.MavenLaunchDelegate - C:\Users\Divyansh khare\Documents\workspace-sts-3.9.12.RELEASE\Phase-2 Backend\FSD_Phase2-main\FlyAwayAirline
2022-03-24 15:05:52,803 [Worker-14: Updating Maven dependencies for project 'FlyAwayAirline'] INFO  o.e.m.i.launch.MavenLaunchDelegate -  mvn -B eclipse:clean eclipse:eclipse -Dstyle.color=always
2022-03-24 15:07:50,689 [Worker-1: Updating Maven dependencies for project 'FlyAwayAirline'] INFO  o.e.m.i.launch.MavenLaunchDelegate - C:\Users\Divyansh khare\Documents\workspace-sts-3.9.12.RELEASE\Phase-2 Backend\FSD_Phase2-main\FlyAwayAirline
2022-03-24 15:07:50,690 [Worker-1: Updating Maven dependencies for project 'FlyAwayAirline'] INFO  o.e.m.i.launch.MavenLaunchDelegate -  mvn -B eclipse:clean eclipse:eclipse -Dstyle.color=always
2022-03-27 01:33:50,334 [Worker-0: Loading available Gradle versions] INFO  o.e.b.c.i.u.g.PublishedGradleVersions - Gradle version information cache is up-to-date. Trying to read.
2022-04-07 11:49:44,872 [Worker-0: Loading available Gradle versions] INFO  o.e.b.c.i.u.g.PublishedGradleVersions - Gradle version information cache is out-of-date. Trying to update.
